2020-10-17 13:58:56,254 INFO  [org.jboss.as.repository] (ServerService Thread Pool -- 1) WFLYDR0011: Couldn't list directory files for /Users/user/Documents/GitHub/web_lab2/target/wildfly-20.0.1.Final/standalone/data/content
2020-10-17 15:52:46,379 INFO  [org.jboss.as.repository] (ServerService Thread Pool -- 41) WFLYDR0011: Couldn't list directory files for /Users/user/Documents/GitHub/web_lab2/target/wildfly-20.0.1.Final/standalone/data/content
2020-10-17 15:57:46,417 INFO  [org.jboss.as.repository] (ServerService Thread Pool -- 80) WFLYDR0011: Couldn't list directory files for /Users/user/Documents/GitHub/web_lab2/target/wildfly-20.0.1.Final/standalone/data/content
2020-10-17 16:02:46,428 INFO  [org.jboss.as.repository] (ServerService Thread Pool -- 79) WFLYDR0011: Couldn't list directory files for /Users/user/Documents/GitHub/web_lab2/target/wildfly-20.0.1.Final/standalone/data/content
2020-10-17 16:07:46,469 INFO  [org.jboss.as.repository] (ServerService Thread Pool -- 1) WFLYDR0011: Couldn't list directory files for /Users/user/Documents/GitHub/web_lab2/target/wildfly-20.0.1.Final/standalone/data/content
2020-10-17 16:12:46,481 INFO  [org.jboss.as.repository] (ServerService Thread Pool -- 1) WFLYDR0011: Couldn't list directory files for /Users/user/Documents/GitHub/web_lab2/target/wildfly-20.0.1.Final/standalone/data/content
2020-10-17 16:17:46,498 INFO  [org.jboss.as.repository] (ServerService Thread Pool -- 80) WFLYDR0011: Couldn't list directory files for /Users/user/Documents/GitHub/web_lab2/target/wildfly-20.0.1.Final/standalone/data/content
2020-10-17 16:22:46,514 INFO  [org.jboss.as.repository] (ServerService Thread Pool -- 41) WFLYDR0011: Couldn't list directory files for /Users/user/Documents/GitHub/web_lab2/target/wildfly-20.0.1.Final/standalone/data/content
2020-10-17 16:27:46,527 INFO  [org.jboss.as.repository] (ServerService Thread Pool -- 79) WFLYDR0011: Couldn't list directory files for /Users/user/Documents/GitHub/web_lab2/target/wildfly-20.0.1.Final/standalone/data/content
2020-10-17 16:32:46,543 INFO  [org.jboss.as.repository] (ServerService Thread Pool -- 1) WFLYDR0011: Couldn't list directory files for /Users/user/Documents/GitHub/web_lab2/target/wildfly-20.0.1.Final/standalone/data/content
2020-10-17 16:37:46,584 INFO  [org.jboss.as.repository] (ServerService Thread Pool -- 1) WFLYDR0011: Couldn't list directory files for /Users/user/Documents/GitHub/web_lab2/target/wildfly-20.0.1.Final/standalone/data/content
2020-10-17 16:42:46,600 INFO  [org.jboss.as.repository] (ServerService Thread Pool -- 79) WFLYDR0011: Couldn't list directory files for /Users/user/Documents/GitHub/web_lab2/target/wildfly-20.0.1.Final/standalone/data/content
2020-10-17 16:47:46,621 INFO  [org.jboss.as.repository] (ServerService Thread Pool -- 80) WFLYDR0011: Couldn't list directory files for /Users/user/Documents/GitHub/web_lab2/target/wildfly-20.0.1.Final/standalone/data/content
2020-10-17 16:52:46,643 INFO  [org.jboss.as.repository] (ServerService Thread Pool -- 79) WFLYDR0011: Couldn't list directory files for /Users/user/Documents/GitHub/web_lab2/target/wildfly-20.0.1.Final/standalone/data/content
2020-10-17 16:57:46,663 INFO  [org.jboss.as.repository] (ServerService Thread Pool -- 80) WFLYDR0011: Couldn't list directory files for /Users/user/Documents/GitHub/web_lab2/target/wildfly-20.0.1.Final/standalone/data/content
2020-10-17 17:02:46,681 INFO  [org.jboss.as.repository] (ServerService Thread Pool -- 79) WFLYDR0011: Couldn't list directory files for /Users/user/Documents/GitHub/web_lab2/target/wildfly-20.0.1.Final/standalone/data/content
2020-10-17 17:07:46,696 INFO  [org.jboss.as.repository] (ServerService Thread Pool -- 41) WFLYDR0011: Couldn't list directory files for /Users/user/Documents/GitHub/web_lab2/target/wildfly-20.0.1.Final/standalone/data/content
2020-10-17 17:12:46,713 INFO  [org.jboss.as.repository] (ServerService Thread Pool -- 80) WFLYDR0011: Couldn't list directory files for /Users/user/Documents/GitHub/web_lab2/target/wildfly-20.0.1.Final/standalone/data/content
2020-10-17 17:17:46,730 INFO  [org.jboss.as.repository] (ServerService Thread Pool -- 41) WFLYDR0011: Couldn't list directory files for /Users/user/Documents/GitHub/web_lab2/target/wildfly-20.0.1.Final/standalone/data/content
2020-10-17 17:22:46,749 INFO  [org.jboss.as.repository] (ServerService Thread Pool -- 41) WFLYDR0011: Couldn't list directory files for /Users/user/Documents/GitHub/web_lab2/target/wildfly-20.0.1.Final/standalone/data/content
2020-10-17 17:27:46,768 INFO  [org.jboss.as.repository] (ServerService Thread Pool -- 80) WFLYDR0011: Couldn't list directory files for /Users/user/Documents/GitHub/web_lab2/target/wildfly-20.0.1.Final/standalone/data/content
2020-10-17 17:32:46,787 INFO  [org.jboss.as.repository] (ServerService Thread Pool -- 1) WFLYDR0011: Couldn't list directory files for /Users/user/Documents/GitHub/web_lab2/target/wildfly-20.0.1.Final/standalone/data/content
2020-10-17 17:37:46,809 INFO  [org.jboss.as.repository] (ServerService Thread Pool -- 79) WFLYDR0011: Couldn't list directory files for /Users/user/Documents/GitHub/web_lab2/target/wildfly-20.0.1.Final/standalone/data/content
2020-10-17 17:42:46,829 INFO  [org.jboss.as.repository] (ServerService Thread Pool -- 1) WFLYDR0011: Couldn't list directory files for /Users/user/Documents/GitHub/web_lab2/target/wildfly-20.0.1.Final/standalone/data/content
2020-10-17 17:46:06,529 INFO  [org.jboss.as.server] (Thread-2) WFLYSRV0272: Suspending server
2020-10-17 17:46:06,566 INFO  [org.jboss.as.ejb3] (Thread-2) WFLYEJB0493: EJB subsystem suspension complete
2020-10-17 17:46:06,577 INFO  [org.jboss.as.server] (Thread-2) WFLYSRV0220: Server shutdown has been requested via an OS signal
2020-10-17 17:46:06,676 INFO  [org.wildfly.extension.undertow] (MSC service thread 1-4) WFLYUT0019: Host default-host stopping
2020-10-17 17:46:06,678 INFO  [org.jboss.as.connector.subsystems.datasources] (MSC service thread 1-3) WFLYJCA0010: Unbound data source [java:jboss/datasources/ExampleDS]
2020-10-17 17:46:06,680 INFO  [org.jboss.as.mail.extension] (MSC service thread 1-1) WFLYMAIL0002: Unbound mail session [java:jboss/mail/Default]
2020-10-17 17:46:06,688 INFO  [org.wildfly.extension.undertow] (MSC service thread 1-3) WFLYUT0008: Undertow HTTPS listener https suspending
2020-10-17 17:46:06,689 INFO  [org.wildfly.extension.undertow] (MSC service thread 1-5) WFLYUT0008: Undertow HTTP listener default suspending
2020-10-17 17:46:06,692 INFO  [org.wildfly.extension.undertow] (MSC service thread 1-5) WFLYUT0007: Undertow HTTP listener default stopped, was bound to 127.0.0.1:8080
2020-10-17 17:46:06,693 INFO  [org.wildfly.extension.undertow] (MSC service thread 1-3) WFLYUT0007: Undertow HTTPS listener https stopped, was bound to 127.0.0.1:8443
2020-10-17 17:46:06,703 INFO  [org.wildfly.extension.undertow] (MSC service thread 1-7) WFLYUT0004: Undertow 2.1.3.Final stopping
2020-10-17 17:46:06,707 INFO  [org.jboss.as.connector.deployers.jdbc] (MSC service thread 1-3) WFLYJCA0019: Stopped Driver service with driver-name = h2
2020-10-17 17:46:06,733 INFO  [org.jboss.as] (MSC service thread 1-7) WFLYSRV0050: WildFly Full 20.0.1.Final (WildFly Core 12.0.3.Final) stopped in 125ms
